<?xml version="1.0" encoding="UTF-8"?>
<!-- Generated by org.testng.reporters.JUnitReportReporter -->
<testsuite skipped="0" hostname="LAPTOP-7FEBO63T" name="com.fisdom.testcases.Register" tests="1" failures="0" timestamp="02 Sep 2020 07:36:40 GMT" time="0.280" errors="0">
  <testcase name="verifyTitle" time="0.280" classname="com.fisdom.testcases.Register"/>
</testsuite> <!-- com.fisdom.testcases.Register -->
