<?xml version="1.0" encoding="UTF-8"?>
<!-- Generated by org.testng.reporters.JUnitReportReporter -->
<testsuite skipped="0" hostname="LAPTOP-7FEBO63T" name="com.fisdom.testcases.LoginTest" tests="4" failures="0" timestamp="02 Sep 2020 10:29:17 GMT" time="18.997" errors="0">
  <testcase name="logout" time="7.000" classname="com.fisdom.testcases.LoginTest"/>
  <testcase name="verifyTitle" time="1.484" classname="com.fisdom.testcases.LoginTest"/>
  <testcase name="verifyAllFieldStatus" time="1.672" classname="com.fisdom.testcases.LoginTest"/>
  <testcase name="loginViaEmail" time="8.841" classname="com.fisdom.testcases.LoginTest"/>
</testsuite> <!-- com.fisdom.testcases.LoginTest -->
