<?xml version="1.0" encoding="UTF-8"?>
<!-- Generated by org.testng.reporters.JUnitReportReporter -->
<testsuite skipped="0" hostname="LAPTOP-7FEBO63T" name="com.fisdom.testcases.Register" tests="1" failures="0" timestamp="01 Sep 2020 13:50:47 GMT" time="0.086" errors="0">
  <testcase name="login" time="0.086" classname="com.fisdom.testcases.Register"/>
</testsuite> <!-- com.fisdom.testcases.Register -->
